2018-11-14 12:18:01 WARN PageNotFound:1176 - No mapping found for HTTP request with URI [/favicon.ico] in DispatcherServlet with name 'SpringFrontController'
2018-11-14 12:18:29 WARN PageNotFound:1176 - No mapping found for HTTP request with URI [/favicon.ico] in DispatcherServlet with name 'SpringFrontController'
2018-11-14 12:18:36 INFO LoggingAspectBefore:16 - loginVendor execution started with arguments [Vendor [id=null, name=null, email=brad@gmail.com, password=123] from class com.tadigital.service.VendorServiceImpl
2018-11-14 12:18:36 INFO LoggingAspectBefore:16 - loginProcess execution started with arguments [Vendor [id=null, name=null, email=brad@gmail.com, password=123] from class com.tadigital.dao.VendorDaoImp
2018-11-14 12:18:37 WARN PageNotFound:1176 - No mapping found for HTTP request with URI [/favicon.ico] in DispatcherServlet with name 'SpringFrontController'
2018-11-14 12:18:38 WARN PageNotFound:1176 - No mapping found for HTTP request with URI [/favicon.ico] in DispatcherServlet with name 'SpringFrontController'
2018-11-14 12:19:54 INFO LoggingAspectBefore:16 - getVendors execution started with arguments [] from class com.tadigital.service.VendorServiceImpl
2018-11-14 12:19:54 INFO LoggingAspectBefore:16 - getVendors execution started with arguments [] from class com.tadigital.dao.VendorDaoImp
2018-11-14 12:19:55 WARN PageNotFound:1176 - No mapping found for HTTP request with URI [/favicon.ico] in DispatcherServlet with name 'SpringFrontController'
2018-11-14 12:24:54 INFO ContextLoader:304 - Root WebApplicationContext: initialization started
2018-11-14 12:24:54 INFO XmlWebApplicationContext:583 - Refreshing Root WebApplicationContext: startup date [Wed Nov 14 12:24:54 IST 2018]; root of context hierarchy
2018-11-14 12:24:54 INFO XmlBeanDefinitionReader:317 - Loading XML bean definitions from ServletContext resource [/WEB-INF/spring/root-context.xml]
2018-11-14 12:24:54 INFO DriverManagerDataSource:133 - Loaded JDBC driver: com.mysql.jdbc.Driver
2018-11-14 12:24:54 INFO ContextLoader:344 - Root WebApplicationContext: initialization completed in 373 ms
2018-11-14 12:24:54 INFO DispatcherServlet:489 - FrameworkServlet 'SpringFrontController': initialization started
2018-11-14 12:24:54 INFO XmlWebApplicationContext:583 - Refreshing WebApplicationContext for namespace 'SpringFrontController-servlet': startup date [Wed Nov 14 12:24:54 IST 2018]; parent: Root WebApplicationContext
2018-11-14 12:24:54 INFO XmlBeanDefinitionReader:317 - Loading XML bean definitions from ServletContext resource [/WEB-INF/spring/web-context.xml]
2018-11-14 12:24:55 INFO RequestMappingHandlerMapping:543 - Mapped "{[/ || /home]}" onto public java.lang.String com.tadigital.controllers.LinkController.reloadHome()
2018-11-14 12:24:55 INFO RequestMappingHandlerMapping:543 - Mapped "{[/login],methods=[POST]}" onto public java.lang.String com.tadigital.controllers.LoginController.loginTask(com.tadigital.entity.Vendor,javax.servlet.http.HttpServletRequest)
2018-11-14 12:24:55 INFO RequestMappingHandlerMapping:543 - Mapped "{[/login],methods=[GET]}" onto public java.lang.String com.tadigital.controllers.LoginController.loadLoginForm()
2018-11-14 12:24:55 INFO RequestMappingHandlerMapping:543 - Mapped "{[/register],methods=[POST]}" onto public java.lang.String com.tadigital.controllers.RegisterController.registerTask(javax.servlet.http.HttpServletRequest,javax.servlet.http.HttpServletRequest)
2018-11-14 12:24:55 INFO RequestMappingHandlerMapping:543 - Mapped "{[/register],methods=[GET]}" onto public java.lang.String com.tadigital.controllers.RegisterController.loadRegisterForm()
2018-11-14 12:24:55 INFO RequestMappingHandlerMapping:543 - Mapped "{[/vendorlist]}" onto public java.lang.String com.tadigital.controllers.VendorListController.loadVendorList(javax.servlet.http.HttpSession)
2018-11-14 12:24:55 INFO RequestMappingHandlerMapping:543 - Mapped "{[/edit{vid}]}" onto public java.lang.String com.tadigital.controllers.VendorListController.editVendor(int,javax.servlet.http.HttpSession)
2018-11-14 12:24:55 INFO RequestMappingHandlerMapping:543 - Mapped "{[/delete{vid}]}" onto public java.lang.String com.tadigital.controllers.VendorListController.deleteVendor(int,javax.servlet.http.HttpSession)
2018-11-14 12:24:55 INFO RequestMappingHandlerMapping:543 - Mapped "{[/updateVendor]}" onto public java.lang.String com.tadigital.controllers.VendorListController.updateVendor(javax.servlet.http.HttpServletRequest,javax.servlet.http.HttpSession)
2018-11-14 12:24:55 INFO RequestMappingHandlerAdapter:556 - Looking for @ControllerAdvice: WebApplicationContext for namespace 'SpringFrontController-servlet': startup date [Wed Nov 14 12:24:54 IST 2018]; parent: Root WebApplicationContext
2018-11-14 12:24:55 INFO RequestMappingHandlerAdapter:556 - Looking for @ControllerAdvice: WebApplicationContext for namespace 'SpringFrontController-servlet': startup date [Wed Nov 14 12:24:54 IST 2018]; parent: Root WebApplicationContext
2018-11-14 12:24:55 INFO SimpleUrlHandlerMapping:362 - Mapped URL path [/csss/**] onto handler 'org.springframework.web.servlet.resource.ResourceHttpRequestHandler#0'
2018-11-14 12:24:55 INFO SimpleUrlHandlerMapping:362 - Mapped URL path [/jss/**] onto handler 'org.springframework.web.servlet.resource.ResourceHttpRequestHandler#1'
2018-11-14 12:24:55 INFO SimpleUrlHandlerMapping:362 - Mapped URL path [/html/**] onto handler 'org.springframework.web.servlet.resource.ResourceHttpRequestHandler#2'
2018-11-14 12:24:55 INFO DispatcherServlet:508 - FrameworkServlet 'SpringFrontController': initialization completed in 447 ms
2018-11-14 12:25:10 WARN PageNotFound:1176 - No mapping found for HTTP request with URI [/favicon.ico] in DispatcherServlet with name 'SpringFrontController'
2018-11-14 12:25:11 INFO LoggingAspectBefore:16 - getVendors execution started with arguments [] from class com.tadigital.service.VendorServiceImpl
2018-11-14 12:25:11 INFO LoggingAspectBefore:16 - getVendors execution started with arguments [] from class com.tadigital.dao.VendorDaoImp
2018-11-14 12:25:11 WARN PageNotFound:1176 - No mapping found for HTTP request with URI [/favicon.ico] in DispatcherServlet with name 'SpringFrontController'
